array(5) {
  ["parameters"]=>
  array(10) {
    ["ID"]=>
    string(2) "62"
    ["sim_name"]=>
    string(16) "somethingorother"
    ["sim_desc"]=>
    string(0) ""
    ["sim_conn"]=>
    string(4) "conn"
    ["cuttime"]=>
    string(2) "30"
    ["start_time"]=>
    string(15) "<?echo time()?>"
    ["debug"]=>
    string(5) "false"
    ["sim_seed"]=>
    string(0) ""
    ["perfect"]=>
    string(5) "false"
    ["map"]=>
    array(3) {
      ["location"]=>
      array(2) {
        ["lat"]=>
        string(6) "34.958"
        ["lng"]=>
        string(18) "-81.99099999999999"
      }
      ["zoom"]=>
      string(1) "8"
      ["mapType"]=>
      string(6) "hybrid"
    }
  }
  ["earthquakes"]=>
  array(1) {
    [0]=>
    array(6) {
      ["ID"]=>
      string(1) "1"
      ["magnitude"]=>
      string(3) "6.5"
      ["time"]=>
      string(2) "10"
      ["swaveSpeed"]=>
      string(2) "10"
      ["depth"]=>
      string(2) "15"
      ["location"]=>
      array(2) {
        ["lat"]=>
        string(17) "34.84987503195418"
        ["lng"]=>
        string(17) "-82.5677490234375"
      }
    }
  }
  ["areas"]=>
  array(1) {
    [0]=>
    array(6) {
      ["ID"]=>
      string(1) "1"
      ["type"]=>
      string(1) "1"
      ["density"]=>
      string(3) "0.1"
      ["sArea"]=>
      string(1) "0"
      ["numSensor"]=>
      string(1) "0"
      ["points"]=>
      array(0) {
      }
    }
  }
  ["markers"]=>
  array(3) {
    [0]=>
    array(3) {
      ["ID"]=>
      string(1) "1"
      ["type"]=>
      string(1) "1"
      ["location"]=>
      array(2) {
        ["lat"]=>
        string(17) "35.07946034047981"
        ["lng"]=>
        string(17) "-82.8314208984375"
      }
    }
    [1]=>
    array(3) {
      ["ID"]=>
      string(1) "2"
      ["type"]=>
      string(1) "1"
      ["location"]=>
      array(2) {
        ["lat"]=>
        string(17) "35.05248370662468"
        ["lng"]=>
        string(16) "-82.408447265625"
      }
    }
    [2]=>
    array(3) {
      ["ID"]=>
      string(1) "3"
      ["type"]=>
      string(1) "1"
      ["location"]=>
      array(2) {
        ["lat"]=>
        string(18) "34.488447837809304"
        ["lng"]=>
        string(15) "-82.41943359375"
      }
    }
  }
  ["SensorTypes"]=>
  array(1) {
    [0]=>
    array(21) {
      ["ID"]=>
      string(1) "1"
      ["on_frac"]=>
      string(1) "1"
      ["conn_frac"]=>
      string(1) "1"
      ["act_frac"]=>
      string(1) "1"
      ["os_name"]=>
      string(20) "Microsoft Windows XP"
      ["num_cpus"]=>
      string(1) "2"
      ["proc_make"]=>
      string(13) "Genuine Intel"
      ["proc_model"]=>
      string(9) "Pentium 4"
      ["flops"]=>
      string(15) "1411554690.0357"
      ["iops"]=>
      string(16) "3164629924.34267"
      ["membandw"]=>
      string(9) "500000000"
      ["c_time"]=>
      string(1) "1"
      ["mean_conn"]=>
      string(5) "86400"
      ["std_conn"]=>
      string(4) "3600"
      ["max_rpd"]=>
      string(2) "24"
      ["success_rate"]=>
      string(2) "98"
      ["error_rate"]=>
      string(1) "2"
      ["flase_trig_rate"]=>
      string(4) "6.63"
      ["trig_lower_bound"]=>
      string(5) "0.098"
      ["trig_upper_bound"]=>
      string(5) "0.196"
      ["trig_prob"]=>
      string(3) "0.5"
    }
  }
}
<results><quakes><quake latitude="34.84987503195418" longitude="-82.5677490234375" magnitude="6.5" depth="15" time="10"/></quakes><triggers><trigger time="23" lat="32.682100" lng="-116.492500" fmag="0.107250"/></triggers></results>
