array(5) {
  ["parameters"]=>
  array(10) {
    ["ID"]=>
    string(2) "64"
    ["sim_name"]=>
    string(16) "somethingorother"
    ["sim_desc"]=>
    string(0) ""
    ["sim_conn"]=>
    string(4) "conn"
    ["cuttime"]=>
    string(2) "30"
    ["start_time"]=>
    string(18) "<? echo time(); ?>"
    ["debug"]=>
    string(5) "false"
    ["sim_seed"]=>
    string(0) ""
    ["perfect"]=>
    string(5) "false"
    ["map"]=>
    array(3) {
      ["location"]=>
      array(2) {
        ["lat"]=>
        string(6) "34.958"
        ["lng"]=>
        string(18) "-81.99099999999999"
      }
      ["zoom"]=>
      string(1) "8"
      ["mapType"]=>
      string(6) "hybrid"
    }
  }
  ["earthquakes"]=>
  array(1) {
    [0]=>
    array(6) {
      ["ID"]=>
      string(1) "1"
      ["magnitude"]=>
      string(3) "6.5"
      ["time"]=>
      string(2) "10"
      ["swaveSpeed"]=>
      string(2) "10"
      ["depth"]=>
      string(2) "15"
      ["location"]=>
      array(2) {
        ["lat"]=>
        string(18) "35.178298352001185"
        ["lng"]=>
        string(16) "-81.573486328125"
      }
    }
  }
  ["areas"]=>
  array(0) {
  }
  ["markers"]=>
  array(1) {
    [0]=>
    array(3) {
      ["ID"]=>
      string(1) "1"
      ["type"]=>
      string(1) "1"
      ["location"]=>
      array(2) {
        ["lat"]=>
        string(17) "34.93097858831627"
        ["lng"]=>
        string(17) "-82.6226806640625"
      }
    }
  }
  ["SensorTypes"]=>
  array(1) {
    [0]=>
    array(21) {
      ["ID"]=>
      string(1) "1"
      ["on_frac"]=>
      string(1) "1"
      ["conn_frac"]=>
      string(1) "1"
      ["act_frac"]=>
      string(1) "1"
      ["os_name"]=>
      string(20) "Microsoft Windows XP"
      ["num_cpus"]=>
      string(1) "2"
      ["proc_make"]=>
      string(13) "Genuine Intel"
      ["proc_model"]=>
      string(9) "Pentium 4"
      ["flops"]=>
      string(15) "1411554690.0357"
      ["iops"]=>
      string(16) "3164629924.34267"
      ["membandw"]=>
      string(9) "500000000"
      ["c_time"]=>
      string(1) "1"
      ["mean_conn"]=>
      string(5) "86400"
      ["std_conn"]=>
      string(4) "3600"
      ["max_rpd"]=>
      string(2) "24"
      ["success_rate"]=>
      string(2) "98"
      ["error_rate"]=>
      string(1) "2"
      ["flase_trig_rate"]=>
      string(4) "6.63"
      ["trig_lower_bound"]=>
      string(5) "0.098"
      ["trig_upper_bound"]=>
      string(5) "0.196"
      ["trig_prob"]=>
      string(3) "0.5"
    }
  }
}

	<results>
		<quakes>
			<quake latitude="35.178298352001185" longitude="35.178298352001185" magnitude="6.5" depth="15" time="10"></quake>
		</quakes>
		<triggers>
			<trigger time="23" lat="32.682100" lng="-116.492500" fmag="0.107250"/>
		</triggers>
	</results>
