array(3) {
  [0]=>
  array(4) {
    ["ID"]=>
    string(1) "1"
    ["type"]=>
    string(1) "1"
    ["location"]=>
    array(2) {
      ["lat"]=>
      string(16) "35.1288943410105"
      ["lng"]=>
      string(17) "-82.7215576171875"
    }
    ["triggers"]=>
    array(1) {
      [0]=>
      array(2) {
        ["mag"]=>
        float(0.10725)
        ["time"]=>
        int(23)
      }
    }
  }
  [1]=>
  array(4) {
    ["ID"]=>
    string(1) "2"
    ["type"]=>
    string(1) "1"
    ["location"]=>
    array(2) {
      ["lat"]=>
      string(17) "35.38457160381764"
      ["lng"]=>
      string(15) "-82.28759765625"
    }
    ["triggers"]=>
    array(1) {
      [0]=>
      array(2) {
        ["mag"]=>
        float(0.10725)
        ["time"]=>
        int(23)
      }
    }
  }
  [2]=>
  array(4) {
    ["ID"]=>
    string(1) "3"
    ["type"]=>
    string(1) "1"
    ["location"]=>
    array(2) {
      ["lat"]=>
      string(17) "34.89043681762452"
      ["lng"]=>
      string(17) "-82.1282958984375"
    }
    ["triggers"]=>
    array(1) {
      [0]=>
      array(2) {
        ["mag"]=>
        float(0.10725)
        ["time"]=>
        int(23)
      }
    }
  }
}
<results><quakes><quake latitude="35.1288943410105" longitude="-82.41943359375" magnitude="6.5" depth="15" time="10"/></quakes><triggers><trigger time="23" lat="32.682100" lng="-116.492500" fmag="0.107250"/></triggers></results>
