array(4) {
  [0]=>
  array(4) {
    ["ID"]=>
    string(1) "1"
    ["type"]=>
    string(1) "1"
    ["location"]=>
    array(2) {
      ["lat"]=>
      string(17) "34.65128519895415"
      ["lng"]=>
      string(16) "-82.386474609375"
    }
    ["triggers"]=>
    array(1) {
      [0]=>
      array(2) {
        ["mag"]=>
        float(0.10725)
        ["time"]=>
        int(1)
      }
    }
  }
  [1]=>
  array(4) {
    ["ID"]=>
    string(1) "2"
    ["type"]=>
    string(1) "1"
    ["location"]=>
    array(2) {
      ["lat"]=>
      string(17) "34.57442951865274"
      ["lng"]=>
      string(17) "-81.2493896484375"
    }
    ["triggers"]=>
    array(1) {
      [0]=>
      array(2) {
        ["mag"]=>
        float(0.10725)
        ["time"]=>
        int(1)
      }
    }
  }
  [2]=>
  array(4) {
    ["ID"]=>
    string(1) "3"
    ["type"]=>
    string(1) "1"
    ["location"]=>
    array(2) {
      ["lat"]=>
      string(17) "35.12440157992043"
      ["lng"]=>
      string(12) "-81.38671875"
    }
    ["triggers"]=>
    array(1) {
      [0]=>
      array(2) {
        ["mag"]=>
        float(0.10725)
        ["time"]=>
        int(1)
      }
    }
  }
  [3]=>
  array(4) {
    ["ID"]=>
    string(1) "4"
    ["type"]=>
    string(1) "1"
    ["location"]=>
    array(2) {
      ["lat"]=>
      string(17) "35.17380831799959"
      ["lng"]=>
      string(16) "-82.276611328125"
    }
    ["triggers"]=>
    array(1) {
      [0]=>
      array(2) {
        ["mag"]=>
        float(0.10725)
        ["time"]=>
        int(1)
      }
    }
  }
}
<results><quakes><quake latitude="34.71000915922494" longitude="-81.80419921875" magnitude="6.5" depth="15" time="10"/></quakes><triggers><trigger time="1" lat="34.65128519895415" lng="-82.386474609375" fmag="0.10725"/><trigger time="1" lat="34.57442951865274" lng="-81.2493896484375" fmag="0.10725"/><trigger time="1" lat="35.12440157992043" lng="-81.38671875" fmag="0.10725"/><trigger time="1" lat="35.17380831799959" lng="-82.276611328125" fmag="0.10725"/></triggers></results>
